This is pdfTeX, Version 3.141592653-2.6-1.40.22 (TeX Live 2021 - Flatpak) (preloaded format=pdflatex 2021.10.11)  21 DEC 2022 16:05
entering extended mode
 restricted \write18 enabled.
 %&-line parsing enabled.
**exemplo1.tex
(./exemplo1.tex
LaTeX2e <2020-10-01> patch level 4
L3 programming layer <2021-02-18>
(/app/texlive/texmf-dist/tex/latex/base/article.cls
Document Class: article 2020/04/10 v1.4m Standard LaTeX document class
(/app/texlive/texmf-dist/tex/latex/base/size10.clo
File: size10.clo 2020/04/10 v1.4m Standard LaTeX file (size option)
)
\c@part=\count179
\c@section=\count180
\c@subsection=\count181
\c@subsubsection=\count182
\c@paragraph=\count183
\c@subparagraph=\count184
\c@figure=\count185
\c@table=\count186
\abovecaptionskip=\skip47
\belowcaptionskip=\skip48
\bibindent=\dimen138
)
(/app/texlive/texmf-dist/tex/latex/base/fontenc.sty
Package: fontenc 2020/08/10 v2.0s Standard LaTeX package
)
(/app/texlive/texmf-dist/tex/latex/base/inputenc.sty
Package: inputenc 2020/08/01 v1.3d Input encoding file
\inpenc@prehook=\toks15
\inpenc@posthook=\toks16

(/app/texlive/texmf-dist/tex/latex/base/latin9.def
File: latin9.def 2020/08/01 v1.3d Input encoding file
))
(/app/texlive/texmf-dist/tex/latex/amsmath/amsbsy.sty
Package: amsbsy 1999/11/29 v1.2d Bold Symbols

(/app/texlive/texmf-dist/tex/latex/amsmath/amsgen.sty
File: amsgen.sty 1999/11/30 v2.0 generic functions
\@emptytoks=\toks17
\ex@=\dimen139
)
\pmbraise@=\dimen140
)
(/app/texlive/texmf-dist/tex/generic/babel/babel.sty
Package: babel 2021/03/24 3.56 The Babel package

(/app/texlive/texmf-dist/tex/generic/babel/babel.def
File: babel.def 2021/03/24 3.56 Babel common definitions
\babel@savecnt=\count187
\U@D=\dimen141
\l@babelnohyphens=\language87

(/app/texlive/texmf-dist/tex/generic/babel/txtbabel.def)
\bbl@readstream=\read2
)
\bbl@dirlevel=\count188

(/app/texlive/texmf-dist/tex/generic/babel-english/english.ldf
Language: english 2017/06/06 v3.3r English support from the babel system
Package babel Info: \l@canadian = using hyphenrules for english
(babel)             (\language0) on input line 102.
Package babel Info: \l@australian = using hyphenrules for ukenglish
(babel)             (\language21) on input line 105.
Package babel Info: \l@newzealand = using hyphenrules for ukenglish
(babel)             (\language21) on input line 108.
))
(/app/texlive/texmf-dist/tex/latex/l3backend/l3backend-pdftex.def
File: l3backend-pdftex.def 2021-03-18 L3 backend support: PDF output (pdfTeX)
\l__color_backend_stack_int=\count189
\l__pdf_internal_box=\box47
)
No file exemplo1.aux.
\openout1 = `exemplo1.aux'.

LaTeX Font Info:    Checking defaults for OML/cmm/m/it on input line 8.
LaTeX Font Info:    ... okay on input line 8.
LaTeX Font Info:    Checking defaults for OMS/cmsy/m/n on input line 8.
LaTeX Font Info:    ... okay on input line 8.
LaTeX Font Info:    Checking defaults for OT1/cmr/m/n on input line 8.
LaTeX Font Info:    ... okay on input line 8.
LaTeX Font Info:    Checking defaults for T1/cmr/m/n on input line 8.
LaTeX Font Info:    ... okay on input line 8.
LaTeX Font Info:    Checking defaults for TS1/cmr/m/n on input line 8.
LaTeX Font Info:    ... okay on input line 8.
LaTeX Font Info:    Checking defaults for OMX/cmex/m/n on input line 8.
LaTeX Font Info:    ... okay on input line 8.
LaTeX Font Info:    Checking defaults for U/cmr/m/n on input line 8.
LaTeX Font Info:    ... okay on input line 8.
LaTeX Font Info:    External font `cmex10' loaded for size
(Font)              <7> on input line 9.
LaTeX Font Info:    External font `cmex10' loaded for size
(Font)              <5> on input line 9.

Overfull \hbox (27.68192pt too wide) in paragraph at lines 21--23
[]$\OML/cmm/m/it/10 P \OT1/cmr/m/n/10 = []$ \T1/cmr/m/n/10 | $\OML/cmm/m/it/10 
F \OT1/cmr/m/n/10 = \OML/cmm/m/it/10 P:A$ \T1/cmr/m/n/10 | $\OML/cmm/m/it/10 F 
\OT1/cmr/m/n/10 = \OML/cmm/m/it/10 P:[]$ \T1/cmr/m/n/10 | $\OML/cmm/m/it/10 F \
OT1/cmr/m/n/10 = 210 \OML/cmm/m/it/10 bar:[]$ \T1/cmr/m/n/10 | $\OML/cmm/m/it/1
0 F \OT1/cmr/m/n/10 = 21 []\OML/cmm/m/it/10 :[]$ 
 []

[1

{/app/texlive/texmf-dist/fonts/map/pdftex/updmap/pdftex.map}] (./exemplo1.aux) 
) 
Here is how much of TeX's memory you used:
 1449 strings out of 478994
 20445 string characters out of 5859688
 323637 words of memory out of 5000000
 18975 multiletter control sequences out of 15000+600000
 407726 words of font info for 38 fonts, out of 8000000 for 9000
 1141 hyphenation exceptions out of 8191
 55i,7n,62p,156b,100s stack positions out of 5000i,500n,10000p,200000b,80000s
{/app/texlive/texmf-dist/fonts/enc/dvips/cm-super/cm-super-t1.enc}</app/texliv
e/texmf-dist/fonts/type1/public/amsfonts/cm/cmbx10.pfb></app/texlive/texmf-dist
/fonts/type1/public/amsfonts/cm/cmbx5.pfb></app/texlive/texmf-dist/fonts/type1/
public/amsfonts/cm/cmbx7.pfb></app/texlive/texmf-dist/fonts/type1/public/amsfon
ts/cm/cmmi10.pfb></app/texlive/texmf-dist/fonts/type1/public/amsfonts/cm/cmmi7.
pfb></app/texlive/texmf-dist/fonts/type1/public/amsfonts/cm/cmmib10.pfb></app/t
exlive/texmf-dist/fonts/type1/public/amsfonts/cmextra/cmmib7.pfb></app/texlive/
texmf-dist/fonts/type1/public/amsfonts/cm/cmr10.pfb></app/texlive/texmf-dist/fo
nts/type1/public/amsfonts/cm/cmr5.pfb></app/texlive/texmf-dist/fonts/type1/publ
ic/amsfonts/cm/cmr7.pfb></app/texlive/texmf-dist/fonts/type1/public/cm-super/sf
bx1000.pfb></app/texlive/texmf-dist/fonts/type1/public/cm-super/sfrm1000.pfb>
Output written on exemplo1.pdf (1 page, 124590 bytes).
PDF statistics:
 57 PDF objects out of 1000 (max. 8388607)
 41 compressed objects within 1 object stream
 0 named destinations out of 1000 (max. 500000)
 1 words of extra memory for PDF output out of 10000 (max. 10000000)

